<?xml version="1.0" encoding="UTF-8"?>
<!-- Generated by org.testng.reporters.JUnitReportReporter -->
<testsuite skipped="0" hostname="DESKTOP-UJFK23I" name="testngsession.LoginTestCase_CrossBrowserTesting" tests="2" failures="0" timestamp="2021-11-01T22:05:32 IST" time="25.613" errors="0">
  <testcase name="verifyLoginTestCase" time="12.192" classname="testngsession.LoginTestCase_CrossBrowserTesting"/>
  <system-out/>
  <testcase name="verifyLoginTestCase" time="13.421" classname="testngsession.LoginTestCase_CrossBrowserTesting"/>
  <system-out/>
</testsuite> <!-- testngsession.LoginTestCase_CrossBrowserTesting -->
