<?xml version="1.0" encoding="UTF-8"?>
<!-- Generated by org.testng.reporters.JUnitReportReporter -->
<testsuite skipped="0" hostname="DESKTOP-UJFK23I" name="testngsession.TestClass" tests="2" failures="0" timestamp="2021-11-01T22:05:32 IST" time="11.245" errors="0">
  <testcase name="test" time="3.918" classname="testngsession.TestClass"/>
  <system-out/>
  <testcase name="test" time="7.327" classname="testngsession.TestClass"/>
  <system-out/>
</testsuite> <!-- testngsession.TestClass -->
