<?xml version="1.0" encoding="UTF-8"?>
<!-- Generated by org.testng.reporters.JUnitReportReporter -->
<testsuite skipped="0" hostname="DESKTOP-UJFK23I" name="com.module.testng.annotations.Case1_TestNGAnnotationsDemo" tests="1" failures="0" timestamp="2021-10-26T10:29:32 IST" time="0.008" errors="0">
  <testcase name="verifyLogin" time="0.008" classname="com.module.testng.annotations.Case1_TestNGAnnotationsDemo"/>
  <system-out/>
</testsuite> <!-- com.module.testng.annotations.Case1_TestNGAnnotationsDemo -->
