<?xml version="1.0" encoding="UTF-8"?>
<!-- Generated by org.testng.reporters.JUnitReportReporter -->
<testsuite skipped="0" hostname="DESKTOP-UJFK23I" name="com.module.testng.concepts.Case1_TestNGAnnotationsDemo" tests="1" failures="0" timestamp="2021-11-03T09:02:56 IST" time="0.005" errors="0">
  <testcase name="Test1" time="0.005" classname="com.module.testng.concepts.Case1_TestNGAnnotationsDemo"/>
  <system-out/>
</testsuite> <!-- com.module.testng.concepts.Case1_TestNGAnnotationsDemo -->
