<?xml version="1.0" encoding="UTF-8"?>
<!-- Generated by org.testng.reporters.JUnitReportReporter -->
<testsuite skipped="0" hostname="DESKTOP-UJFK23I" name="utility.GoogleSearchFunction" tests="1" failures="0" timestamp="2022-03-10T10:45:41 IST" time="4.182" errors="0">
  <testcase name="verifyGoogleSearchFunction" time="4.182" classname="utility.GoogleSearchFunction"/>
  <system-out/>
</testsuite> <!-- utility.GoogleSearchFunction -->
