<?xml version="1.0" encoding="UTF-8"?>
<!-- Generated by org.testng.reporters.JUnitReportReporter -->
<testsuite skipped="1" hostname="DESKTOP-UJFK23I" name="com.testng.sequencing.SequencingEx" tests="5" failures="0" timestamp="2021-10-25T21:20:24 IST" time="0.011" errors="0">
  <testcase name="Hyderabad" time="0.008" classname="com.testng.sequencing.SequencingEx"/>
  <system-out/>
  <testcase name="Pune" time="0.001" classname="com.testng.sequencing.SequencingEx"/>
  <system-out/>
  <testcase name="Chennai" time="0.001" classname="com.testng.sequencing.SequencingEx"/>
  <system-out/>
  <testcase name="Delhi" time="0.001" classname="com.testng.sequencing.SequencingEx"/>
  <system-out/>
  <testcase name="Banglore" classname="com.testng.sequencing.SequencingEx">
    <skipped/>
  </testcase> <!-- Banglore -->
  <system-out/>
</testsuite> <!-- com.testng.sequencing.SequencingEx -->
