<?xml version="1.0" encoding="UTF-8"?>
<!-- Generated by org.testng.reporters.JUnitReportReporter -->
<testsuite skipped="0" hostname="DESKTOP-UJFK23I" name="testng.assertions.TestNGAssetionsEx" tests="1" failures="0" timestamp="2021-11-02T21:26:43 IST" time="6.313" errors="0">
  <testcase name="validateTitle" time="6.313" classname="testng.assertions.TestNGAssetionsEx"/>
  <system-out/>
</testsuite> <!-- testng.assertions.TestNGAssetionsEx -->
