<?xml version="1.0" encoding="UTF-8"?>
<!-- Generated by org.testng.reporters.JUnitReportReporter -->
<testsuite skipped="0" hostname="DESKTOP-UJFK23I" name="com.module.testng.TestNGAnnotationsDemo" tests="1" failures="0" timestamp="2021-10-24T20:56:22 IST" time="0.006" errors="0">
  <testcase name="verifyLogin" time="0.006" classname="com.module.testng.TestNGAnnotationsDemo"/>
  <system-out/>
</testsuite> <!-- com.module.testng.TestNGAnnotationsDemo -->
