<?xml version="1.0" encoding="UTF-8"?>
<!-- Generated by org.testng.reporters.JUnitReportReporter -->
<testsuite skipped="0" hostname="DESKTOP-UJFK23I" name="com.testng.grouping.Group_LoginCase" tests="2" failures="0" timestamp="2022-03-02T11:08:24 IST" time="0.001" errors="0">
  <testcase name="verifyPricing" time="0.001" classname="com.testng.grouping.Group_LoginCase"/>
  <system-out/>
  <testcase name="verifyLogin" time="0.000" classname="com.testng.grouping.Group_LoginCase"/>
  <system-out/>
</testsuite> <!-- com.testng.grouping.Group_LoginCase -->
