<?xml version="1.0" encoding="UTF-8"?>
<!-- Generated by org.testng.reporters.JUnitReportReporter -->
<testsuite skipped="0" hostname="DESKTOP-UJFK23I" name="utility.PropertyReader" tests="1" failures="0" timestamp="2021-11-08T21:33:34 IST" time="0.013" errors="0">
  <testcase name="readProperty" time="0.013" classname="utility.PropertyReader"/>
  <system-out/>
</testsuite> <!-- utility.PropertyReader -->
