<?xml version="1.0" encoding="UTF-8"?>
<!-- Generated by org.testng.reporters.JUnitReportReporter -->
<testsuite skipped="0" hostname="DESKTOP-UJFK23I" name="com.testng.parameterization.TestLogin" tests="1" failures="0" timestamp="2021-11-08T08:57:27 IST" time="13.193" errors="0">
  <testcase name="loginFunctionality" time="13.193" classname="com.testng.parameterization.TestLogin"/>
  <system-out/>
</testsuite> <!-- com.testng.parameterization.TestLogin -->
