<?xml version="1.0" encoding="UTF-8"?>
<!-- Generated by org.testng.reporters.JUnitReportReporter -->
<testsuite skipped="0" hostname="DESKTOP-UJFK23I" name="testngsession.Application" tests="1" failures="0" timestamp="2021-11-01T10:15:01 IST" time="14.562" errors="0">
  <testcase name="verifyLoginTestCase" time="14.562" classname="testngsession.Application"/>
  <system-out/>
</testsuite> <!-- testngsession.Application -->
