<?xml version="1.0" encoding="UTF-8"?>
<!-- Generated by org.testng.reporters.JUnitReportReporter -->
<testsuite skipped="0" hostname="DESKTOP-UJFK23I" name="com.testng.parameterization.TestngParamExample" tests="1" failures="0" timestamp="2021-10-28T19:25:51 IST" time="3.902" errors="0">
  <testcase name="login" time="3.902" classname="com.testng.parameterization.TestngParamExample"/>
  <system-out/>
</testsuite> <!-- com.testng.parameterization.TestngParamExample -->
