<?xml version="1.0" encoding="UTF-8"?>
<!-- Generated by org.testng.reporters.JUnitReportReporter -->
<testsuite skipped="0" hostname="DESKTOP-UJFK23I" name="com.testng.grouping.Amazon" tests="1" failures="0" timestamp="2022-03-02T11:08:24 IST" time="3.846" errors="0">
  <testcase name="launchApplication" time="3.846" classname="com.testng.grouping.Amazon"/>
  <system-out/>
</testsuite> <!-- com.testng.grouping.Amazon -->
