<?xml version="1.0" encoding="UTF-8"?>
<!-- Generated by org.testng.reporters.JUnitReportReporter -->
<testsuite skipped="0" hostname="DESKTOP-UJFK23I" name="testng.crossbrowser.CrossBrowser" tests="2" failures="0" timestamp="2021-10-26T22:21:14 IST" time="7.315" errors="0">
  <testcase name="login" time="4.387" classname="testng.crossbrowser.CrossBrowser"/>
  <system-out/>
  <testcase name="login" time="2.928" classname="testng.crossbrowser.CrossBrowser"/>
  <system-out/>
</testsuite> <!-- testng.crossbrowser.CrossBrowser -->
