<?xml version="1.0" encoding="UTF-8"?>
<!-- Generated by org.testng.reporters.JUnitReportReporter -->
<testsuite skipped="0" hostname="DESKTOP-UJFK23I" name="moduleNext1.TakeScreenshotExample" tests="1" failures="0" timestamp="2021-12-16T10:38:22 IST" time="5.527" errors="0">
  <testcase name="takeScreenshot" time="5.527" classname="moduleNext1.TakeScreenshotExample"/>
  <system-out/>
</testsuite> <!-- moduleNext1.TakeScreenshotExample -->
