<?xml version="1.0" encoding="UTF-8"?>
<!-- Generated by org.testng.reporters.JUnitReportReporter -->
<testsuite skipped="0" hostname="DESKTOP-UJFK23I" name="com.testng.parameterization.GoogleSearch" tests="1" failures="0" timestamp="2021-11-08T08:57:27 IST" time="14.108" errors="0">
  <testcase name="search" time="14.108" classname="com.testng.parameterization.GoogleSearch"/>
  <system-out/>
</testsuite> <!-- com.testng.parameterization.GoogleSearch -->
