<?xml version="1.0" encoding="UTF-8"?>
<!-- Generated by org.testng.reporters.JUnitReportReporter -->
<testsuite skipped="0" hostname="DESKTOP-UJFK23I" name="testngdemopak.Test2" tests="1" failures="0" timestamp="2021-11-05T08:36:27 IST" time="0.005" errors="0">
  <testcase name="testcase2" time="0.005" classname="testngdemopak.Test2"/>
  <system-out/>
</testsuite> <!-- testngdemopak.Test2 -->
