<?xml version="1.0" encoding="UTF-8"?>
<!-- Generated by org.testng.reporters.JUnitReportReporter -->
<testsuite skipped="0" hostname="DESKTOP-UJFK23I" name="corssbrowser.automation.TestLogo" tests="2" failures="0" timestamp="2021-11-09T09:15:30 IST" time="15.690" errors="0">
  <testcase name="verifyLogo" time="8.742" classname="corssbrowser.automation.TestLogo"/>
  <system-out/>
  <testcase name="verifyLogo" time="6.948" classname="corssbrowser.automation.TestLogo"/>
  <system-out/>
</testsuite> <!-- corssbrowser.automation.TestLogo -->
