<?xml version="1.0" encoding="UTF-8"?>
<!-- Generated by org.testng.reporters.JUnitReportReporter -->
<testsuite skipped="0" hostname="DESKTOP-UJFK23I" name="testng.crossbrowser.CrossBrowser2" tests="2" failures="0" timestamp="2021-10-26T22:21:14 IST" time="6.955" errors="0">
  <testcase name="repo" time="2.576" classname="testng.crossbrowser.CrossBrowser2"/>
  <system-out/>
  <testcase name="repo" time="4.379" classname="testng.crossbrowser.CrossBrowser2"/>
  <system-out/>
</testsuite> <!-- testng.crossbrowser.CrossBrowser2 -->
