<?xml version="1.0" encoding="UTF-8"?>
<!-- Generated by org.testng.reporters.JUnitReportReporter -->
<testsuite skipped="0" hostname="DESKTOP-UJFK23I" name="com.testng.grouping.SearchCase" tests="1" failures="0" timestamp="2021-10-25T22:26:54 IST" time="0.000" errors="0">
  <testcase name="verifySearch" time="0.000" classname="com.testng.grouping.SearchCase"/>
  <system-out/>
</testsuite> <!-- com.testng.grouping.SearchCase -->
