<?xml version="1.0" encoding="UTF-8"?>
<!-- Generated by org.testng.reporters.JUnitReportReporter -->
<testsuite skipped="0" hostname="DESKTOP-UJFK23I" name="excel.reader.ReadData" tests="1" failures="0" timestamp="2021-12-13T11:00:02 IST" time="13.221" errors="0">
  <testcase name="readDataFile" time="13.221" classname="excel.reader.ReadData"/>
  <system-out/>
</testsuite> <!-- excel.reader.ReadData -->
