<?xml version="1.0" encoding="UTF-8"?>
<!-- Generated by org.testng.reporters.JUnitReportReporter -->
<testsuite skipped="0" hostname="DESKTOP-UJFK23I" name="com.module.testng.Case5_OtherAnnotationsEx" tests="1" failures="0" timestamp="2021-10-24T22:50:24 IST" time="0.005" errors="0">
  <testcase name="verifyLogin" time="0.005" classname="com.module.testng.Case5_OtherAnnotationsEx"/>
  <system-out/>
</testsuite> <!-- com.module.testng.Case5_OtherAnnotationsEx -->
