<?xml version="1.0" encoding="UTF-8"?>
<!-- Generated by org.testng.reporters.JUnitReportReporter -->
<testsuite skipped="1" hostname="DESKTOP-UJFK23I" name="excel.reader.FormSubmitEx" tests="1" failures="0" timestamp="2021-11-07T16:23:26 IST" time="0.000" errors="0">
  <testcase name="dataProvide" time="0.000" classname="excel.reader.FormSubmitEx">
    <skipped/>
  </testcase> <!-- dataProvide -->
  <system-out/>
</testsuite> <!-- excel.reader.FormSubmitEx -->
