<?xml version="1.0" encoding="UTF-8"?>
<!-- Generated by org.testng.reporters.JUnitReportReporter -->
<testsuite skipped="0" hostname="DESKTOP-UJFK23I" name="com.testng.grouping.Group_SearchCase" tests="1" failures="0" timestamp="2021-12-10T10:48:06 IST" time="0.000" errors="0">
  <testcase name="verifyAmazonSearch" time="0.000" classname="com.testng.grouping.Group_SearchCase"/>
  <system-out/>
</testsuite> <!-- com.testng.grouping.Group_SearchCase -->
