<?xml version="1.0" encoding="UTF-8"?>
<!-- Generated by org.testng.reporters.JUnitReportReporter -->
<testsuite skipped="0" hostname="DESKTOP-UJFK23I" name="testngconcepts.AnnotationsExample" tests="1" failures="0" timestamp="2021-12-31T10:27:21 IST" time="0.007" errors="0">
  <testcase name="testcase" time="0.007" classname="testngconcepts.AnnotationsExample"/>
  <system-out/>
</testsuite> <!-- testngconcepts.AnnotationsExample -->
