<?xml version="1.0" encoding="UTF-8"?>
<!-- Generated by org.testng.reporters.JUnitReportReporter -->
<testsuite skipped="0" hostname="DESKTOP-UJFK23I" name="corssbrowser.automation.TestLogin" tests="2" failures="0" timestamp="2021-11-09T09:15:30 IST" time="25.350" errors="0">
  <testcase name="loginFunctionality" time="13.864" classname="corssbrowser.automation.TestLogin"/>
  <system-out/>
  <testcase name="loginFunctionality" time="11.486" classname="corssbrowser.automation.TestLogin"/>
  <system-out/>
</testsuite> <!-- corssbrowser.automation.TestLogin -->
