<?xml version="1.0" encoding="UTF-8"?>
<!-- Generated by org.testng.reporters.JUnitReportReporter -->
<testsuite skipped="0" hostname="DESKTOP-UJFK23I" name="testngdemopak.TestLoginAnnotationsEx" tests="1" failures="0" timestamp="2021-11-05T08:36:27 IST" time="7.644" errors="0">
  <testcase name="veifyLoginFunctionality" time="7.644" classname="testngdemopak.TestLoginAnnotationsEx"/>
  <system-out/>
</testsuite> <!-- testngdemopak.TestLoginAnnotationsEx -->
