<?xml version="1.0" encoding="UTF-8"?>
<!-- Generated by org.testng.reporters.JUnitReportReporter -->
<testsuite skipped="0" hostname="DESKTOP-UJFK23I" name="testngdemopak.TestLoginBeforeAnnotationsEx2" tests="2" failures="0" timestamp="2021-11-05T08:36:27 IST" time="14.378" errors="0">
  <testcase name="verifyLogoHomepage" time="5.173" classname="testngdemopak.TestLoginBeforeAnnotationsEx2"/>
  <system-out/>
  <testcase name="veifyLoginFunctionality" time="9.205" classname="testngdemopak.TestLoginBeforeAnnotationsEx2"/>
  <system-out/>
</testsuite> <!-- testngdemopak.TestLoginBeforeAnnotationsEx2 -->
