<?xml version="1.0" encoding="UTF-8"?>
<!-- Generated by org.testng.reporters.JUnitReportReporter -->
<testsuite skipped="0" hostname="DESKTOP-UJFK23I" name="inheritanceex.GoogleSearch" tests="1" failures="0" timestamp="2021-10-24T21:02:11 IST" time="0.007" errors="0">
  <testcase name="verifyGoogleSearch" time="0.007" classname="inheritanceex.GoogleSearch"/>
  <system-out/>
</testsuite> <!-- inheritanceex.GoogleSearch -->
