<?xml version="1.0" encoding="UTF-8"?>
<!-- Generated by org.testng.reporters.JUnitReportReporter -->
<testsuite skipped="0" hostname="DESKTOP-UJFK23I" name="moduleNext1.CaptureScreenshot" tests="1" failures="0" timestamp="2021-11-10T09:01:48 IST" time="4.503" errors="0">
  <testcase name="takeScreenshot" time="4.503" classname="moduleNext1.CaptureScreenshot"/>
  <system-out/>
</testsuite> <!-- moduleNext1.CaptureScreenshot -->
