<?xml version="1.0" encoding="UTF-8"?>
<!-- Generated by org.testng.reporters.JUnitReportReporter -->
<testsuite skipped="0" hostname="DESKTOP-UJFK23I" name="testngconcps.CreateNewAccount" tests="3" failures="0" timestamp="2021-12-08T11:29:28 IST" time="0.015" errors="0">
  <testcase name="testCase1" time="0.015" classname="testngconcps.CreateNewAccount"/>
  <system-out/>
  <testcase name="testCase2" time="0.000" classname="testngconcps.CreateNewAccount"/>
  <system-out/>
  <testcase name="testCase3" time="0.000" classname="testngconcps.CreateNewAccount"/>
  <system-out/>
</testsuite> <!-- testngconcps.CreateNewAccount -->
