<?xml version="1.0" encoding="UTF-8"?>
<!-- Generated by org.testng.reporters.JUnitReportReporter -->
<testsuite skipped="0" hostname="DESKTOP-UJFK23I" name="moduleNext1.LoggerEx" tests="1" failures="0" timestamp="2021-11-07T15:58:22 IST" time="10.414" errors="0">
  <testcase name="testCase" time="10.414" classname="moduleNext1.LoggerEx"/>
  <system-out/>
</testsuite> <!-- moduleNext1.LoggerEx -->
