<?xml version="1.0" encoding="UTF-8"?>
<!-- Generated by org.testng.reporters.JUnitReportReporter -->
<testsuite skipped="0" hostname="DESKTOP-UJFK23I" name="testngsession.AmazonSearchTest" tests="1" failures="0" timestamp="2021-12-22T10:51:07 IST" time="9.630" errors="0">
  <testcase name="verifyAmazonSearchTest" time="9.630" classname="testngsession.AmazonSearchTest"/>
  <system-out/>
</testsuite> <!-- testngsession.AmazonSearchTest -->
