<?xml version="1.0" encoding="UTF-8"?>
<!-- Generated by org.testng.reporters.JUnitReportReporter -->
<testsuite skipped="0" hostname="DESKTOP-UJFK23I" name="com.testng.grouping.Grouping" tests="1" failures="0" timestamp="2021-10-25T22:26:54 IST" time="0.016" errors="0">
  <testcase name="verifyLogin" time="0.016" classname="com.testng.grouping.Grouping"/>
  <system-out/>
</testsuite> <!-- com.testng.grouping.Grouping -->
