<?xml version="1.0" encoding="UTF-8"?>
<!-- Generated by org.testng.reporters.JUnitReportReporter -->
<testsuite skipped="0" hostname="DESKTOP-UJFK23I" name="moduleNext1.TakeScreenshotExample" tests="1" failures="0" timestamp="2022-04-08T11:29:10 IST" time="4.997" errors="0">
  <testcase name="takeScreenshot" time="4.997" classname="moduleNext1.TakeScreenshotExample"/>
  <system-out/>
</testsuite> <!-- moduleNext1.TakeScreenshotExample -->
