<?xml version="1.0" encoding="UTF-8"?>
<!-- Generated by org.testng.reporters.JUnitReportReporter -->
<testsuite skipped="0" hostname="DESKTOP-UJFK23I" name="crossbrowser.CrossBrowser" tests="1" failures="0" timestamp="2021-12-11T10:47:03 IST" time="3.831" errors="0">
  <testcase name="openBrowser" time="3.831" classname="crossbrowser.CrossBrowser"/>
  <system-out/>
</testsuite> <!-- crossbrowser.CrossBrowser -->
