<?xml version="1.0" encoding="UTF-8"?>
<!-- Generated by org.testng.reporters.JUnitReportReporter -->
<testsuite skipped="0" hostname="DESKTOP-UJFK23I" name="excel.reader.SearchTerm" tests="1" failures="0" timestamp="2021-12-13T11:14:07 IST" time="37.589" errors="0">
  <testcase name="search" time="37.589" classname="excel.reader.SearchTerm"/>
  <system-out/>
</testsuite> <!-- excel.reader.SearchTerm -->
