<?xml version="1.0" encoding="UTF-8"?>
<!-- Generated by org.testng.reporters.JUnitReportReporter -->
<testsuite skipped="0" hostname="DESKTOP-UJFK23I" name="com.testng.grouping.Group_SearchCase" tests="1" failures="0" timestamp="2022-03-02T11:08:24 IST" time="0.002" errors="0">
  <testcase name="verifyAmazonSearch" time="0.002" classname="com.testng.grouping.Group_SearchCase"/>
  <system-out/>
</testsuite> <!-- com.testng.grouping.Group_SearchCase -->
