<?xml version="1.0" encoding="UTF-8"?>
<!-- Generated by org.testng.reporters.JUnitReportReporter -->
<testsuite skipped="0" hostname="DESKTOP-UJFK23I" name="com.module.testng.Case2_TestNGAnnotationsDemo2" tests="2" failures="0" timestamp="2021-10-24T22:31:37 IST" time="0.012" errors="0">
  <testcase name="testCase2" time="0.006" classname="com.module.testng.Case2_TestNGAnnotationsDemo2"/>
  <system-out/>
  <testcase name="testCase1" time="0.006" classname="com.module.testng.Case2_TestNGAnnotationsDemo2"/>
  <system-out/>
</testsuite> <!-- com.module.testng.Case2_TestNGAnnotationsDemo2 -->
